\BOOKMARK [1][-]{section.1}{Design}{}% 1
\BOOKMARK [1][-]{section.2}{ER Diagram}{}% 2
\BOOKMARK [2][-]{subsection.2.1}{Products}{section.2}% 3
\BOOKMARK [3][-]{subsubsection.2.1.1}{Monitor}{subsection.2.1}% 4
\BOOKMARK [3][-]{subsubsection.2.1.2}{Computer}{subsection.2.1}% 5
\BOOKMARK [2][-]{subsection.2.2}{Brand}{section.2}% 6
\BOOKMARK [2][-]{subsection.2.3}{Vendor}{section.2}% 7
\BOOKMARK [2][-]{subsection.2.4}{Shipment}{section.2}% 8
\BOOKMARK [2][-]{subsection.2.5}{Bought\137Products}{section.2}% 9
\BOOKMARK [2][-]{subsection.2.6}{Store}{section.2}% 10
\BOOKMARK [2][-]{subsection.2.7}{Stock}{section.2}% 11
\BOOKMARK [2][-]{subsection.2.8}{Customer}{section.2}% 12
\BOOKMARK [2][-]{subsection.2.9}{Purchase}{section.2}% 13
\BOOKMARK [1][-]{section.3}{Application}{}% 14
\BOOKMARK [2][-]{subsection.3.1}{CMI}{section.3}% 15
\BOOKMARK [2][-]{subsection.3.2}{ConnectionManager}{section.3}% 16
\BOOKMARK [2][-]{subsection.3.3}{Relations}{section.3}% 17
\BOOKMARK [2][-]{subsection.3.4}{Commands}{section.3}% 18
\BOOKMARK [2][-]{subsection.3.5}{RelationGetter}{section.3}% 19
\BOOKMARK [1][-]{section.4}{Test Data}{}% 20
\BOOKMARK [1][-]{section.5}{User Interface}{}% 21
\BOOKMARK [1][-]{section.6}{Design Changes}{}% 22
\BOOKMARK [2][-]{subsection.6.1}{TV and Monitor}{section.6}% 23
